<?xml version="1.0" encoding="UTF-8"?>
<testng-results skipped="0" failed="0" total="1" passed="1">
  <reporter-output>
  </reporter-output>
  <suite name="Default suite" duration-ms="4829" started-at="2020-05-23T14:26:04Z" finished-at="2020-05-23T14:26:09Z">
    <groups>
    </groups>
    <test name="Default test" duration-ms="4829" started-at="2020-05-23T14:26:04Z" finished-at="2020-05-23T14:26:09Z">
      <class name="demo.LoginPoi">
        <test-method status="PASS" signature="open()[pri:0, instance:demo.LoginPoi@28dcca0c]" name="open" is-config="true" duration-ms="3250" started-at="2020-05-23T19:56:04Z" finished-at="2020-05-23T19:56:07Z">
          <reporter-output>
          </reporter-output>
        </test-method> <!-- open -->
        <test-method status="PASS" signature="data()[pri:0, instance:demo.LoginPoi@28dcca0c]" name="data" duration-ms="1553" started-at="2020-05-23T19:56:07Z" finished-at="2020-05-23T19:56:09Z">
          <reporter-output>
          </reporter-output>
        </test-method> <!-- data -->
      </class> <!-- demo.LoginPoi -->
    </test> <!-- Default test -->
  </suite> <!-- Default suite -->
</testng-results>
